2019-01-12 16:21:50.276  INFO 13256 --- [restartedMain] c.c.s.StorNetCloudAdminApplication       : Starting StorNetCloudAdminApplication on WIN-hq with PID 13256 (D:\ideaworkspace\stornetcloudadmin\target\classes started by Administrator in D:\ideaworkspace\stornetcloudadmin)
2019-01-12 16:21:50.287  INFO 13256 --- [restartedMain] c.c.s.StorNetCloudAdminApplication       : The following profiles are active: test
2019-01-12 16:21:50.325  INFO 13256 --- [restartedMain] ConfigServletWebServerApplicationContext : Refreshing org.springframework.boot.web.servlet.context.AnnotationConfigServletWebServerApplicationContext@a0cddcc: startup date [Sat Jan 12 16:21:50 CST 2019]; root of context hierarchy
2019-01-12 16:21:51.042  INFO 13256 --- [restartedMain] .s.d.r.c.RepositoryConfigurationDelegate : Multiple Spring Data modules found, entering strict repository configuration mode!
2019-01-12 16:21:51.283  INFO 13256 --- [restartedMain] trationDelegate$BeanPostProcessorChecker : Bean 'shiroConfig' of type [com.ch.stornet.config.ShiroConfig$$EnhancerBySpringCGLIB$$6417286a] is not eligible for getting processed by all BeanPostProcessors (for example: not eligible for auto-proxying)
2019-01-12 16:21:51.344  INFO 13256 --- [restartedMain] trationDelegate$BeanPostProcessorChecker : Bean 'org.springframework.boot.context.properties.ConversionServiceDeducer$Factory' of type [org.springframework.boot.context.properties.ConversionServiceDeducer$Factory] is not eligible for getting processed by all BeanPostProcessors (for example: not eligible for auto-proxying)
2019-01-12 16:21:51.400  INFO 13256 --- [restartedMain] trationDelegate$BeanPostProcessorChecker : Bean 'mybatis-plus-com.baomidou.mybatisplus.spring.boot.starter.MybatisPlusProperties' of type [com.baomidou.mybatisplus.spring.boot.starter.MybatisPlusProperties] is not eligible for getting processed by all BeanPostProcessors (for example: not eligible for auto-proxying)
2019-01-12 16:21:51.405  INFO 13256 --- [restartedMain] trationDelegate$BeanPostProcessorChecker : Bean 'mybatisPlusConfig' of type [com.ch.stornet.config.MybatisPlusConfig$$EnhancerBySpringCGLIB$$17a7fec6] is not eligible for getting processed by all BeanPostProcessors (for example: not eligible for auto-proxying)
2019-01-12 16:21:51.414  INFO 13256 --- [restartedMain] trationDelegate$BeanPostProcessorChecker : Bean 'paginationInterceptor' of type [com.baomidou.mybatisplus.plugins.PaginationInterceptor] is not eligible for getting processed by all BeanPostProcessors (for example: not eligible for auto-proxying)
2019-01-12 16:21:51.421  INFO 13256 --- [restartedMain] trationDelegate$BeanPostProcessorChecker : Bean 'com.baomidou.mybatisplus.spring.boot.starter.MybatisPlusAutoConfiguration' of type [com.baomidou.mybatisplus.spring.boot.starter.MybatisPlusAutoConfiguration$$EnhancerBySpringCGLIB$$8fe901a4] is not eligible for getting processed by all BeanPostProcessors (for example: not eligible for auto-proxying)
2019-01-12 16:21:51.425  INFO 13256 --- [restartedMain] trationDelegate$BeanPostProcessorChecker : Bean 'dynamicDataSourceConfig' of type [com.ch.stornet.datasources.DynamicDataSourceConfig$$EnhancerBySpringCGLIB$$2df10b5b] is not eligible for getting processed by all BeanPostProcessors (for example: not eligible for auto-proxying)
2019-01-12 16:21:51.469  INFO 13256 --- [restartedMain] trationDelegate$BeanPostProcessorChecker : Bean 'spring.datasource-org.springframework.boot.autoconfigure.jdbc.DataSourceProperties' of type [org.springframework.boot.autoconfigure.jdbc.DataSourceProperties] is not eligible for getting processed by all BeanPostProcessors (for example: not eligible for auto-proxying)
2019-01-12 16:21:51.473  INFO 13256 --- [restartedMain] trationDelegate$BeanPostProcessorChecker : Bean 'com.alibaba.druid.spring.boot.autoconfigure.stat.DruidFilterConfiguration' of type [com.alibaba.druid.spring.boot.autoconfigure.stat.DruidFilterConfiguration] is not eligible for getting processed by all BeanPostProcessors (for example: not eligible for auto-proxying)
2019-01-12 16:21:51.502  INFO 13256 --- [restartedMain] trationDelegate$BeanPostProcessorChecker : Bean 'statFilter' of type [com.alibaba.druid.filter.stat.StatFilter] is not eligible for getting processed by all BeanPostProcessors (for example: not eligible for auto-proxying)
2019-01-12 16:21:51.526  INFO 13256 --- [restartedMain] trationDelegate$BeanPostProcessorChecker : Bean 'firstDataSource' of type [com.alibaba.druid.spring.boot.autoconfigure.DruidDataSourceWrapper] is not eligible for getting processed by all BeanPostProcessors (for example: not eligible for auto-proxying)
2019-01-12 16:21:51.549  INFO 13256 --- [restartedMain] trationDelegate$BeanPostProcessorChecker : Bean 'secondDataSource' of type [com.alibaba.druid.spring.boot.autoconfigure.DruidDataSourceWrapper] is not eligible for getting processed by all BeanPostProcessors (for example: not eligible for auto-proxying)
2019-01-12 16:21:51.554  INFO 13256 --- [restartedMain] trationDelegate$BeanPostProcessorChecker : Bean 'dataSource' of type [com.ch.stornet.datasources.DynamicDataSource] is not eligible for getting processed by all BeanPostProcessors (for example: not eligible for auto-proxying)
2019-01-12 16:21:51.605  INFO 13256 --- [restartedMain] com.alibaba.druid.pool.DruidDataSource   : {dataSource-1} inited
2019-01-12 16:21:52.077  INFO 13256 --- [restartedMain] trationDelegate$BeanPostProcessorChecker : Bean 'sqlSessionFactory' of type [org.apache.ibatis.session.defaults.DefaultSqlSessionFactory] is not eligible for getting processed by all BeanPostProcessors (for example: not eligible for auto-proxying)
2019-01-12 16:21:52.082  INFO 13256 --- [restartedMain] trationDelegate$BeanPostProcessorChecker : Bean 'sqlSessionTemplate' of type [org.mybatis.spring.SqlSessionTemplate] is not eligible for getting processed by all BeanPostProcessors (for example: not eligible for auto-proxying)
2019-01-12 16:21:52.082  INFO 13256 --- [restartedMain] trationDelegate$BeanPostProcessorChecker : Bean 'sysMenuDao' of type [org.mybatis.spring.mapper.MapperFactoryBean] is not eligible for getting processed by all BeanPostProcessors (for example: not eligible for auto-proxying)
2019-01-12 16:21:52.084  INFO 13256 --- [restartedMain] trationDelegate$BeanPostProcessorChecker : Bean 'sysMenuDao' of type [com.sun.proxy.$Proxy81] is not eligible for getting processed by all BeanPostProcessors (for example: not eligible for auto-proxying)
2019-01-12 16:21:52.086  INFO 13256 --- [restartedMain] trationDelegate$BeanPostProcessorChecker : Bean 'sysUserDao' of type [org.mybatis.spring.mapper.MapperFactoryBean] is not eligible for getting processed by all BeanPostProcessors (for example: not eligible for auto-proxying)
2019-01-12 16:21:52.087  INFO 13256 --- [restartedMain] trationDelegate$BeanPostProcessorChecker : Bean 'sysUserDao' of type [com.sun.proxy.$Proxy82] is not eligible for getting processed by all BeanPostProcessors (for example: not eligible for auto-proxying)
2019-01-12 16:21:52.090  INFO 13256 --- [restartedMain] trationDelegate$BeanPostProcessorChecker : Bean 'sysUserTokenDao' of type [org.mybatis.spring.mapper.MapperFactoryBean] is not eligible for getting processed by all BeanPostProcessors (for example: not eligible for auto-proxying)
2019-01-12 16:21:52.090  INFO 13256 --- [restartedMain] trationDelegate$BeanPostProcessorChecker : Bean 'sysUserTokenDao' of type [com.sun.proxy.$Proxy83] is not eligible for getting processed by all BeanPostProcessors (for example: not eligible for auto-proxying)
2019-01-12 16:21:52.091  INFO 13256 --- [restartedMain] trationDelegate$BeanPostProcessorChecker : Bean 'shiroServiceImpl' of type [com.ch.stornet.modules.sys.service.impl.ShiroServiceImpl] is not eligible for getting processed by all BeanPostProcessors (for example: not eligible for auto-proxying)
2019-01-12 16:21:52.091  INFO 13256 --- [restartedMain] trationDelegate$BeanPostProcessorChecker : Bean 'OAuth2Realm' of type [com.ch.stornet.modules.sys.oauth2.OAuth2Realm] is not eligible for getting processed by all BeanPostProcessors (for example: not eligible for auto-proxying)
2019-01-12 16:21:52.103  INFO 13256 --- [restartedMain] trationDelegate$BeanPostProcessorChecker : Bean 'sessionManager' of type [org.apache.shiro.web.session.mgt.DefaultWebSessionManager] is not eligible for getting processed by all BeanPostProcessors (for example: not eligible for auto-proxying)
2019-01-12 16:21:52.354  INFO 13256 --- [restartedMain] trationDelegate$BeanPostProcessorChecker : Bean 'securityManager' of type [org.apache.shiro.web.mgt.DefaultWebSecurityManager] is not eligible for getting processed by all BeanPostProcessors (for example: not eligible for auto-proxying)
2019-01-12 16:21:52.411  INFO 13256 --- [restartedMain] trationDelegate$BeanPostProcessorChecker : Bean 'authorizationAttributeSourceAdvisor' of type [org.apache.shiro.spring.security.interceptor.AuthorizationAttributeSourceAdvisor] is not eligible for getting processed by all BeanPostProcessors (for example: not eligible for auto-proxying)
2019-01-12 16:21:52.461  INFO 13256 --- [restartedMain] trationDelegate$BeanPostProcessorChecker : Bean 'org.springframework.transaction.annotation.ProxyTransactionManagementConfiguration' of type [org.springframework.transaction.annotation.ProxyTransactionManagementConfiguration$$EnhancerBySpringCGLIB$$42496347] is not eligible for getting processed by all BeanPostProcessors (for example: not eligible for auto-proxying)
2019-01-12 16:21:52.826  INFO 13256 --- [restartedMain] o.s.b.w.embedded.tomcat.TomcatWebServer  : Tomcat initialized with port(s): 10031 (http)
2019-01-12 16:21:52.839  INFO 13256 --- [restartedMain] o.apache.catalina.core.StandardService   : Starting service [Tomcat]
2019-01-12 16:21:52.839  INFO 13256 --- [restartedMain] org.apache.catalina.core.StandardEngine  : Starting Servlet Engine: Apache Tomcat/8.5.31
2019-01-12 16:21:52.842  INFO 13256 --- [localhost-startStop-1] o.a.catalina.core.AprLifecycleListener   : Loaded APR based Apache Tomcat Native library [1.2.17] using APR version [1.6.3].
2019-01-12 16:21:52.843  INFO 13256 --- [localhost-startStop-1] o.a.catalina.core.AprLifecycleListener   : APR capabilities: IPv6 [true], sendfile [true], accept filters [false], random [true].
2019-01-12 16:21:52.843  INFO 13256 --- [localhost-startStop-1] o.a.catalina.core.AprLifecycleListener   : APR/OpenSSL configuration: useAprConnector [false], useOpenSSL [true]
2019-01-12 16:21:53.894  INFO 13256 --- [localhost-startStop-1] o.a.catalina.core.AprLifecycleListener   : OpenSSL successfully initialized [OpenSSL 1.0.2o  27 Mar 2018]
2019-01-12 16:21:53.963  INFO 13256 --- [localhost-startStop-1] o.a.c.c.C.[.[.[/stornetcloudadmin]       : Initializing Spring embedded WebApplicationContext
2019-01-12 16:21:53.963  INFO 13256 --- [localhost-startStop-1] o.s.web.context.ContextLoader            : Root WebApplicationContext: initialization completed in 3638 ms
2019-01-12 16:21:54.136  INFO 13256 --- [localhost-startStop-1] o.s.b.w.servlet.FilterRegistrationBean   : Mapping filter: 'characterEncodingFilter' to: [/*]
2019-01-12 16:21:54.137  INFO 13256 --- [localhost-startStop-1] o.s.b.w.servlet.FilterRegistrationBean   : Mapping filter: 'hiddenHttpMethodFilter' to: [/*]
2019-01-12 16:21:54.137  INFO 13256 --- [localhost-startStop-1] o.s.b.w.servlet.FilterRegistrationBean   : Mapping filter: 'httpPutFormContentFilter' to: [/*]
2019-01-12 16:21:54.137  INFO 13256 --- [localhost-startStop-1] o.s.b.w.servlet.FilterRegistrationBean   : Mapping filter: 'requestContextFilter' to: [/*]
2019-01-12 16:21:54.137  INFO 13256 --- [localhost-startStop-1] o.s.b.w.servlet.FilterRegistrationBean   : Mapping filter: 'delegatingFilterProxy' to urls: [/*]
2019-01-12 16:21:54.137  INFO 13256 --- [localhost-startStop-1] o.s.b.w.servlet.FilterRegistrationBean   : Mapping filter: 'xssFilter' to urls: [/*]
2019-01-12 16:21:54.137  INFO 13256 --- [localhost-startStop-1] o.s.b.w.servlet.FilterRegistrationBean   : Mapping filter: 'webStatFilter' to urls: [/*]
2019-01-12 16:21:54.137  INFO 13256 --- [localhost-startStop-1] o.s.b.w.servlet.FilterRegistrationBean   : Mapping filter: 'shiroFilter' to: [/*]
2019-01-12 16:21:54.137  INFO 13256 --- [localhost-startStop-1] o.s.b.w.servlet.ServletRegistrationBean  : Servlet dispatcherServlet mapped to [/]
2019-01-12 16:21:54.138  INFO 13256 --- [localhost-startStop-1] o.s.b.w.servlet.ServletRegistrationBean  : Servlet statViewServlet mapped to [/druid/*]
2019-01-12 16:21:54.522  INFO 13256 --- [restartedMain] org.quartz.impl.StdSchedulerFactory      : Using default implementation for ThreadExecutor
2019-01-12 16:21:54.531  INFO 13256 --- [restartedMain] org.quartz.core.SchedulerSignalerImpl    : Initialized Scheduler Signaller of type: class org.quartz.core.SchedulerSignalerImpl
2019-01-12 16:21:54.531  INFO 13256 --- [restartedMain] org.quartz.core.QuartzScheduler          : Quartz Scheduler v.2.3.0 created.
2019-01-12 16:21:54.533  INFO 13256 --- [restartedMain] o.s.s.quartz.LocalDataSourceJobStore     : Using db table-based data access locking (synchronization).
2019-01-12 16:21:54.534  INFO 13256 --- [restartedMain] o.s.s.quartz.LocalDataSourceJobStore     : JobStoreCMT initialized.
2019-01-12 16:21:54.535  INFO 13256 --- [restartedMain] org.quartz.core.QuartzScheduler          : Scheduler meta-data: Quartz Scheduler (v2.3.0) 'RenrenScheduler' with instanceId 'WIN-hq1547281314523'
  Scheduler class: 'org.quartz.core.QuartzScheduler' - running locally.
  NOT STARTED.
  Currently in standby mode.
  Number of jobs executed: 0
  Using thread pool 'org.quartz.simpl.SimpleThreadPool' - with 20 threads.
  Using job-store 'org.springframework.scheduling.quartz.LocalDataSourceJobStore' - which supports persistence. and is clustered.

2019-01-12 16:21:54.535  INFO 13256 --- [restartedMain] org.quartz.impl.StdSchedulerFactory      : Quartz scheduler 'RenrenScheduler' initialized from an externally provided properties instance.
2019-01-12 16:21:54.535  INFO 13256 --- [restartedMain] org.quartz.impl.StdSchedulerFactory      : Quartz scheduler version: 2.3.0
2019-01-12 16:21:54.536  INFO 13256 --- [restartedMain] org.quartz.core.QuartzScheduler          : JobFactory set to: org.springframework.scheduling.quartz.AdaptableJobFactory@6539e98e
2019-01-12 16:21:55.633  INFO 13256 --- [restartedMain] s.w.s.m.m.a.RequestMappingHandlerMapping : Mapped "{[/sys/schedule/run],methods=[POST]}" onto public com.ch.stornet.common.utils.R com.ch.stornet.modules.job.controller.ScheduleJobController.run(java.lang.Long[])
2019-01-12 16:21:55.634  INFO 13256 --- [restartedMain] s.w.s.m.m.a.RequestMappingHandlerMapping : Mapped "{[/sys/schedule/update],methods=[POST]}" onto public com.ch.stornet.common.utils.R com.ch.stornet.modules.job.controller.ScheduleJobController.update(com.ch.stornet.modules.job.entity.ScheduleJobEntity)
2019-01-12 16:21:55.634  INFO 13256 --- [restartedMain] s.w.s.m.m.a.RequestMappingHandlerMapping : Mapped "{[/sys/schedule/delete],methods=[POST]}" onto public com.ch.stornet.common.utils.R com.ch.stornet.modules.job.controller.ScheduleJobController.delete(java.lang.Long[])
2019-01-12 16:21:55.635  INFO 13256 --- [restartedMain] s.w.s.m.m.a.RequestMappingHandlerMapping : Mapped "{[/sys/schedule/resume],methods=[POST]}" onto public com.ch.stornet.common.utils.R com.ch.stornet.modules.job.controller.ScheduleJobController.resume(java.lang.Long[])
2019-01-12 16:21:55.635  INFO 13256 --- [restartedMain] s.w.s.m.m.a.RequestMappingHandlerMapping : Mapped "{[/sys/schedule/list],methods=[GET]}" onto public com.ch.stornet.common.utils.R com.ch.stornet.modules.job.controller.ScheduleJobController.list(java.util.Map<java.lang.String, java.lang.Object>)
2019-01-12 16:21:55.635  INFO 13256 --- [restartedMain] s.w.s.m.m.a.RequestMappingHandlerMapping : Mapped "{[/sys/schedule/save],methods=[POST]}" onto public com.ch.stornet.common.utils.R com.ch.stornet.modules.job.controller.ScheduleJobController.save(com.ch.stornet.modules.job.entity.ScheduleJobEntity)
2019-01-12 16:21:55.635  INFO 13256 --- [restartedMain] s.w.s.m.m.a.RequestMappingHandlerMapping : Mapped "{[/sys/schedule/info/{jobId}],methods=[GET]}" onto public com.ch.stornet.common.utils.R com.ch.stornet.modules.job.controller.ScheduleJobController.info(java.lang.Long)
2019-01-12 16:21:55.635  INFO 13256 --- [restartedMain] s.w.s.m.m.a.RequestMappingHandlerMapping : Mapped "{[/sys/schedule/pause],methods=[POST]}" onto public com.ch.stornet.common.utils.R com.ch.stornet.modules.job.controller.ScheduleJobController.pause(java.lang.Long[])
2019-01-12 16:21:55.636  INFO 13256 --- [restartedMain] s.w.s.m.m.a.RequestMappingHandlerMapping : Mapped "{[/sys/scheduleLog/list],methods=[GET]}" onto public com.ch.stornet.common.utils.R com.ch.stornet.modules.job.controller.ScheduleJobLogController.list(java.util.Map<java.lang.String, java.lang.Object>)
2019-01-12 16:21:55.636  INFO 13256 --- [restartedMain] s.w.s.m.m.a.RequestMappingHandlerMapping : Mapped "{[/sys/scheduleLog/info/{logId}],methods=[GET]}" onto public com.ch.stornet.common.utils.R com.ch.stornet.modules.job.controller.ScheduleJobLogController.info(java.lang.Long)
2019-01-12 16:21:55.637  INFO 13256 --- [restartedMain] s.w.s.m.m.a.RequestMappingHandlerMapping : Mapped "{[/sys/oss/delete],methods=[POST]}" onto public com.ch.stornet.common.utils.R com.ch.stornet.modules.oss.controller.SysOssController.delete(java.lang.Long[])
2019-01-12 16:21:55.637  INFO 13256 --- [restartedMain] s.w.s.m.m.a.RequestMappingHandlerMapping : Mapped "{[/sys/oss/list],methods=[GET]}" onto public com.ch.stornet.common.utils.R com.ch.stornet.modules.oss.controller.SysOssController.list(java.util.Map<java.lang.String, java.lang.Object>)
2019-01-12 16:21:55.637  INFO 13256 --- [restartedMain] s.w.s.m.m.a.RequestMappingHandlerMapping : Mapped "{[/sys/oss/config],methods=[GET]}" onto public com.ch.stornet.common.utils.R com.ch.stornet.modules.oss.controller.SysOssController.config()
2019-01-12 16:21:55.637  INFO 13256 --- [restartedMain] s.w.s.m.m.a.RequestMappingHandlerMapping : Mapped "{[/sys/oss/saveConfig],methods=[POST]}" onto public com.ch.stornet.common.utils.R com.ch.stornet.modules.oss.controller.SysOssController.saveConfig(com.ch.stornet.modules.oss.cloud.CloudStorageConfig)
2019-01-12 16:21:55.638  INFO 13256 --- [restartedMain] s.w.s.m.m.a.RequestMappingHandlerMapping : Mapped "{[/sys/oss/upload],methods=[POST]}" onto public com.ch.stornet.common.utils.R com.ch.stornet.modules.oss.controller.SysOssController.upload(org.springframework.web.multipart.MultipartFile) throws java.lang.Exception
2019-01-12 16:21:55.639  INFO 13256 --- [restartedMain] s.w.s.m.m.a.RequestMappingHandlerMapping : Mapped "{[/stornet/snmgmtaccinfo/update],methods=[POST]}" onto public com.ch.stornet.common.utils.R com.ch.stornet.modules.stornet.controller.SnMgmtAccInfoController.update(com.ch.stornet.modules.stornet.entity.SnMgmtAccInfoEntity)
2019-01-12 16:21:55.639  INFO 13256 --- [restartedMain] s.w.s.m.m.a.RequestMappingHandlerMapping : Mapped "{[/stornet/snmgmtaccinfo/delete],methods=[POST]}" onto public com.ch.stornet.common.utils.R com.ch.stornet.modules.stornet.controller.SnMgmtAccInfoController.delete(java.lang.String[])
2019-01-12 16:21:55.639  INFO 13256 --- [restartedMain] s.w.s.m.m.a.RequestMappingHandlerMapping : Mapped "{[/stornet/snmgmtaccinfo/list],methods=[POST]}" onto public com.ch.stornet.common.utils.R com.ch.stornet.modules.stornet.controller.SnMgmtAccInfoController.list(java.util.Map<java.lang.String, java.lang.Object>)
2019-01-12 16:21:55.639  INFO 13256 --- [restartedMain] s.w.s.m.m.a.RequestMappingHandlerMapping : Mapped "{[/stornet/snmgmtaccinfo/save],methods=[POST]}" onto public com.ch.stornet.common.utils.R com.ch.stornet.modules.stornet.controller.SnMgmtAccInfoController.save(com.ch.stornet.modules.stornet.entity.SnMgmtAccInfoEntity)
2019-01-12 16:21:55.639  INFO 13256 --- [restartedMain] s.w.s.m.m.a.RequestMappingHandlerMapping : Mapped "{[/stornet/snmgmtaccinfo/info/{id}],methods=[POST]}" onto public com.ch.stornet.common.utils.R com.ch.stornet.modules.stornet.controller.SnMgmtAccInfoController.info(java.lang.String)
2019-01-12 16:21:55.641  INFO 13256 --- [restartedMain] s.w.s.m.m.a.RequestMappingHandlerMapping : Mapped "{[/stornet/snmgmtaccrec/update],methods=[POST]}" onto public com.ch.stornet.common.utils.R com.ch.stornet.modules.stornet.controller.SnMgmtAccRecController.update(com.ch.stornet.modules.stornet.entity.SnMgmtAccRecEntity)
2019-01-12 16:21:55.641  INFO 13256 --- [restartedMain] s.w.s.m.m.a.RequestMappingHandlerMapping : Mapped "{[/stornet/snmgmtaccrec/delete],methods=[POST]}" onto public com.ch.stornet.common.utils.R com.ch.stornet.modules.stornet.controller.SnMgmtAccRecController.delete(java.lang.String[])
2019-01-12 16:21:55.642  INFO 13256 --- [restartedMain] s.w.s.m.m.a.RequestMappingHandlerMapping : Mapped "{[/stornet/snmgmtaccrec/list],methods=[POST]}" onto public com.ch.stornet.common.utils.R com.ch.stornet.modules.stornet.controller.SnMgmtAccRecController.list(java.util.Map<java.lang.String, java.lang.Object>)
2019-01-12 16:21:55.642  INFO 13256 --- [restartedMain] s.w.s.m.m.a.RequestMappingHandlerMapping : Mapped "{[/stornet/snmgmtaccrec/save],methods=[POST]}" onto public com.ch.stornet.common.utils.R com.ch.stornet.modules.stornet.controller.SnMgmtAccRecController.save(com.ch.stornet.modules.stornet.entity.SnMgmtAccRecEntity)
2019-01-12 16:21:55.642  INFO 13256 --- [restartedMain] s.w.s.m.m.a.RequestMappingHandlerMapping : Mapped "{[/stornet/snmgmtaccrec/info/{id}],methods=[POST]}" onto public com.ch.stornet.common.utils.R com.ch.stornet.modules.stornet.controller.SnMgmtAccRecController.info(java.lang.String)
2019-01-12 16:21:55.643  INFO 13256 --- [restartedMain] s.w.s.m.m.a.RequestMappingHandlerMapping : Mapped "{[/stornet/snmgmtchainfo/update],methods=[POST]}" onto public com.ch.stornet.common.utils.R com.ch.stornet.modules.stornet.controller.SnMgmtChaInfoController.update(com.ch.stornet.modules.stornet.entity.SnMgmtChaInfoEntity)
2019-01-12 16:21:55.643  INFO 13256 --- [restartedMain] s.w.s.m.m.a.RequestMappingHandlerMapping : Mapped "{[/stornet/snmgmtchainfo/delete],methods=[POST]}" onto public com.ch.stornet.common.utils.R com.ch.stornet.modules.stornet.controller.SnMgmtChaInfoController.delete(java.lang.String[])
2019-01-12 16:21:55.643  INFO 13256 --- [restartedMain] s.w.s.m.m.a.RequestMappingHandlerMapping : Mapped "{[/stornet/snmgmtchainfo/list],methods=[POST]}" onto public com.ch.stornet.common.utils.R com.ch.stornet.modules.stornet.controller.SnMgmtChaInfoController.list(java.util.Map<java.lang.String, java.lang.Object>)
2019-01-12 16:21:55.643  INFO 13256 --- [restartedMain] s.w.s.m.m.a.RequestMappingHandlerMapping : Mapped "{[/stornet/snmgmtchainfo/save],methods=[POST]}" onto public com.ch.stornet.common.utils.R com.ch.stornet.modules.stornet.controller.SnMgmtChaInfoController.save(com.ch.stornet.modules.stornet.entity.SnMgmtChaInfoEntity)
2019-01-12 16:21:55.643  INFO 13256 --- [restartedMain] s.w.s.m.m.a.RequestMappingHandlerMapping : Mapped "{[/stornet/snmgmtchainfo/info/{id}],methods=[POST]}" onto public com.ch.stornet.common.utils.R com.ch.stornet.modules.stornet.controller.SnMgmtChaInfoController.info(java.lang.String)
2019-01-12 16:21:55.646  INFO 13256 --- [restartedMain] s.w.s.m.m.a.RequestMappingHandlerMapping : Mapped "{[/stornet/snmgmtchasn/update],methods=[POST]}" onto public com.ch.stornet.common.utils.R com.ch.stornet.modules.stornet.controller.SnMgmtChaSnController.update(com.ch.stornet.modules.stornet.entity.SnMgmtChaSnEntity)
2019-01-12 16:21:55.647  INFO 13256 --- [restartedMain] s.w.s.m.m.a.RequestMappingHandlerMapping : Mapped "{[/stornet/snmgmtchasn/delete],methods=[POST]}" onto public com.ch.stornet.common.utils.R com.ch.stornet.modules.stornet.controller.SnMgmtChaSnController.delete(java.lang.String[])
2019-01-12 16:21:55.647  INFO 13256 --- [restartedMain] s.w.s.m.m.a.RequestMappingHandlerMapping : Mapped "{[/stornet/snmgmtchasn/list],methods=[POST]}" onto public com.ch.stornet.common.utils.R com.ch.stornet.modules.stornet.controller.SnMgmtChaSnController.list(java.util.Map<java.lang.String, java.lang.Object>)
2019-01-12 16:21:55.647  INFO 13256 --- [restartedMain] s.w.s.m.m.a.RequestMappingHandlerMapping : Mapped "{[/stornet/snmgmtchasn/save],methods=[POST]}" onto public com.ch.stornet.common.utils.R com.ch.stornet.modules.stornet.controller.SnMgmtChaSnController.save(com.ch.stornet.modules.stornet.entity.SnMgmtChaSnEntity)
2019-01-12 16:21:55.647  INFO 13256 --- [restartedMain] s.w.s.m.m.a.RequestMappingHandlerMapping : Mapped "{[/stornet/snmgmtchasn/info/{id}],methods=[POST]}" onto public com.ch.stornet.common.utils.R com.ch.stornet.modules.stornet.controller.SnMgmtChaSnController.info(java.lang.String)
2019-01-12 16:21:55.648  INFO 13256 --- [restartedMain] s.w.s.m.m.a.RequestMappingHandlerMapping : Mapped "{[/sys/config/update],methods=[POST]}" onto public com.ch.stornet.common.utils.R com.ch.stornet.modules.sys.controller.SysConfigController.update(com.ch.stornet.modules.sys.entity.SysConfigEntity)
2019-01-12 16:21:55.648  INFO 13256 --- [restartedMain] s.w.s.m.m.a.RequestMappingHandlerMapping : Mapped "{[/sys/config/delete],methods=[POST]}" onto public com.ch.stornet.common.utils.R com.ch.stornet.modules.sys.controller.SysConfigController.delete(java.lang.Long[])
2019-01-12 16:21:55.649  INFO 13256 --- [restartedMain] s.w.s.m.m.a.RequestMappingHandlerMapping : Mapped "{[/sys/config/list],methods=[GET]}" onto public com.ch.stornet.common.utils.R com.ch.stornet.modules.sys.controller.SysConfigController.list(java.util.Map<java.lang.String, java.lang.Object>)
2019-01-12 16:21:55.649  INFO 13256 --- [restartedMain] s.w.s.m.m.a.RequestMappingHandlerMapping : Mapped "{[/sys/config/save],methods=[POST]}" onto public com.ch.stornet.common.utils.R com.ch.stornet.modules.sys.controller.SysConfigController.save(com.ch.stornet.modules.sys.entity.SysConfigEntity)
2019-01-12 16:21:55.649  INFO 13256 --- [restartedMain] s.w.s.m.m.a.RequestMappingHandlerMapping : Mapped "{[/sys/config/info/{id}],methods=[GET]}" onto public com.ch.stornet.common.utils.R com.ch.stornet.modules.sys.controller.SysConfigController.info(java.lang.Long)
2019-01-12 16:21:55.649  INFO 13256 --- [restartedMain] s.w.s.m.m.a.RequestMappingHandlerMapping : Mapped "{[/sys/log/list],methods=[GET]}" onto public com.ch.stornet.common.utils.R com.ch.stornet.modules.sys.controller.SysLogController.list(java.util.Map<java.lang.String, java.lang.Object>)
2019-01-12 16:21:55.650  INFO 13256 --- [restartedMain] s.w.s.m.m.a.RequestMappingHandlerMapping : Mapped "{[/captcha.jpg],methods=[GET]}" onto public void com.ch.stornet.modules.sys.controller.SysLoginController.captcha(javax.servlet.http.HttpServletResponse,java.lang.String) throws javax.servlet.ServletException,java.io.IOException
2019-01-12 16:21:55.650  INFO 13256 --- [restartedMain] s.w.s.m.m.a.RequestMappingHandlerMapping : Mapped "{[/sys/logout],methods=[POST]}" onto public com.ch.stornet.common.utils.R com.ch.stornet.modules.sys.controller.SysLoginController.logout()
2019-01-12 16:21:55.650  INFO 13256 --- [restartedMain] s.w.s.m.m.a.RequestMappingHandlerMapping : Mapped "{[/sys/login],methods=[POST]}" onto public java.util.Map<java.lang.String, java.lang.Object> com.ch.stornet.modules.sys.controller.SysLoginController.login(com.ch.stornet.modules.sys.form.SysLoginForm) throws java.io.IOException
2019-01-12 16:21:55.651  INFO 13256 --- [restartedMain] s.w.s.m.m.a.RequestMappingHandlerMapping : Mapped "{[/sys/menu/update],methods=[POST]}" onto public com.ch.stornet.common.utils.R com.ch.stornet.modules.sys.controller.SysMenuController.update(com.ch.stornet.modules.sys.entity.SysMenuEntity)
2019-01-12 16:21:55.651  INFO 13256 --- [restartedMain] s.w.s.m.m.a.RequestMappingHandlerMapping : Mapped "{[/sys/menu/delete/{menuId}],methods=[POST]}" onto public com.ch.stornet.common.utils.R com.ch.stornet.modules.sys.controller.SysMenuController.delete(long)
2019-01-12 16:21:55.651  INFO 13256 --- [restartedMain] s.w.s.m.m.a.RequestMappingHandlerMapping : Mapped "{[/sys/menu/list],methods=[GET]}" onto public java.util.List<com.ch.stornet.modules.sys.entity.SysMenuEntity> com.ch.stornet.modules.sys.controller.SysMenuController.list()
2019-01-12 16:21:55.651  INFO 13256 --- [restartedMain] s.w.s.m.m.a.RequestMappingHandlerMapping : Mapped "{[/sys/menu/save],methods=[POST]}" onto public com.ch.stornet.common.utils.R com.ch.stornet.modules.sys.controller.SysMenuController.save(com.ch.stornet.modules.sys.entity.SysMenuEntity)
2019-01-12 16:21:55.652  INFO 13256 --- [restartedMain] s.w.s.m.m.a.RequestMappingHandlerMapping : Mapped "{[/sys/menu/info/{menuId}],methods=[GET]}" onto public com.ch.stornet.common.utils.R com.ch.stornet.modules.sys.controller.SysMenuController.info(java.lang.Long)
2019-01-12 16:21:55.652  INFO 13256 --- [restartedMain] s.w.s.m.m.a.RequestMappingHandlerMapping : Mapped "{[/sys/menu/select],methods=[GET]}" onto public com.ch.stornet.common.utils.R com.ch.stornet.modules.sys.controller.SysMenuController.select()
2019-01-12 16:21:55.652  INFO 13256 --- [restartedMain] s.w.s.m.m.a.RequestMappingHandlerMapping : Mapped "{[/sys/menu/nav],methods=[GET]}" onto public com.ch.stornet.common.utils.R com.ch.stornet.modules.sys.controller.SysMenuController.nav()
2019-01-12 16:21:55.654  INFO 13256 --- [restartedMain] s.w.s.m.m.a.RequestMappingHandlerMapping : Mapped "{[/sys/role/update],methods=[POST]}" onto public com.ch.stornet.common.utils.R com.ch.stornet.modules.sys.controller.SysRoleController.update(com.ch.stornet.modules.sys.entity.SysRoleEntity)
2019-01-12 16:21:55.654  INFO 13256 --- [restartedMain] s.w.s.m.m.a.RequestMappingHandlerMapping : Mapped "{[/sys/role/delete],methods=[POST]}" onto public com.ch.stornet.common.utils.R com.ch.stornet.modules.sys.controller.SysRoleController.delete(java.lang.Long[])
2019-01-12 16:21:55.654  INFO 13256 --- [restartedMain] s.w.s.m.m.a.RequestMappingHandlerMapping : Mapped "{[/sys/role/list],methods=[GET]}" onto public com.ch.stornet.common.utils.R com.ch.stornet.modules.sys.controller.SysRoleController.list(java.util.Map<java.lang.String, java.lang.Object>)
2019-01-12 16:21:55.654  INFO 13256 --- [restartedMain] s.w.s.m.m.a.RequestMappingHandlerMapping : Mapped "{[/sys/role/save],methods=[POST]}" onto public com.ch.stornet.common.utils.R com.ch.stornet.modules.sys.controller.SysRoleController.save(com.ch.stornet.modules.sys.entity.SysRoleEntity)
2019-01-12 16:21:55.655  INFO 13256 --- [restartedMain] s.w.s.m.m.a.RequestMappingHandlerMapping : Mapped "{[/sys/role/info/{roleId}],methods=[GET]}" onto public com.ch.stornet.common.utils.R com.ch.stornet.modules.sys.controller.SysRoleController.info(java.lang.Long)
2019-01-12 16:21:55.655  INFO 13256 --- [restartedMain] s.w.s.m.m.a.RequestMappingHandlerMapping : Mapped "{[/sys/role/select],methods=[GET]}" onto public com.ch.stornet.common.utils.R com.ch.stornet.modules.sys.controller.SysRoleController.select()
2019-01-12 16:21:55.656  INFO 13256 --- [restartedMain] s.w.s.m.m.a.RequestMappingHandlerMapping : Mapped "{[/sys/user/update],methods=[POST]}" onto public com.ch.stornet.common.utils.R com.ch.stornet.modules.sys.controller.SysUserController.update(com.ch.stornet.modules.sys.entity.SysUserEntity)
2019-01-12 16:21:55.656  INFO 13256 --- [restartedMain] s.w.s.m.m.a.RequestMappingHandlerMapping : Mapped "{[/sys/user/delete],methods=[POST]}" onto public com.ch.stornet.common.utils.R com.ch.stornet.modules.sys.controller.SysUserController.delete(java.lang.Long[])
2019-01-12 16:21:55.656  INFO 13256 --- [restartedMain] s.w.s.m.m.a.RequestMappingHandlerMapping : Mapped "{[/sys/user/list],methods=[GET]}" onto public com.ch.stornet.common.utils.R com.ch.stornet.modules.sys.controller.SysUserController.list(java.util.Map<java.lang.String, java.lang.Object>)
2019-01-12 16:21:55.656  INFO 13256 --- [restartedMain] s.w.s.m.m.a.RequestMappingHandlerMapping : Mapped "{[/sys/user/save],methods=[POST]}" onto public com.ch.stornet.common.utils.R com.ch.stornet.modules.sys.controller.SysUserController.save(com.ch.stornet.modules.sys.entity.SysUserEntity)
2019-01-12 16:21:55.656  INFO 13256 --- [restartedMain] s.w.s.m.m.a.RequestMappingHandlerMapping : Mapped "{[/sys/user/info/{userId}],methods=[GET]}" onto public com.ch.stornet.common.utils.R com.ch.stornet.modules.sys.controller.SysUserController.info(java.lang.Long)
2019-01-12 16:21:55.659  INFO 13256 --- [restartedMain] s.w.s.m.m.a.RequestMappingHandlerMapping : Mapped "{[/sys/user/info],methods=[GET]}" onto public com.ch.stornet.common.utils.R com.ch.stornet.modules.sys.controller.SysUserController.info()
2019-01-12 16:21:55.659  INFO 13256 --- [restartedMain] s.w.s.m.m.a.RequestMappingHandlerMapping : Mapped "{[/sys/user/password],methods=[POST]}" onto public com.ch.stornet.common.utils.R com.ch.stornet.modules.sys.controller.SysUserController.password(com.ch.stornet.modules.sys.form.PasswordForm)
2019-01-12 16:21:55.662  INFO 13256 --- [restartedMain] s.w.s.m.m.a.RequestMappingHandlerMapping : Mapped "{[/swagger-resources/configuration/security]}" onto public org.springframework.http.ResponseEntity<springfox.documentation.swagger.web.SecurityConfiguration> springfox.documentation.swagger.web.ApiResourceController.securityConfiguration()
2019-01-12 16:21:55.662  INFO 13256 --- [restartedMain] s.w.s.m.m.a.RequestMappingHandlerMapping : Mapped "{[/swagger-resources]}" onto public org.springframework.http.ResponseEntity<java.util.List<springfox.documentation.swagger.web.SwaggerResource>> springfox.documentation.swagger.web.ApiResourceController.swaggerResources()
2019-01-12 16:21:55.662  INFO 13256 --- [restartedMain] s.w.s.m.m.a.RequestMappingHandlerMapping : Mapped "{[/swagger-resources/configuration/ui]}" onto public org.springframework.http.ResponseEntity<springfox.documentation.swagger.web.UiConfiguration> springfox.documentation.swagger.web.ApiResourceController.uiConfiguration()
2019-01-12 16:21:55.664  INFO 13256 --- [restartedMain] s.w.s.m.m.a.RequestMappingHandlerMapping : Mapped "{[/error]}" onto public org.springframework.http.ResponseEntity<java.util.Map<java.lang.String, java.lang.Object>> org.springframework.boot.autoconfigure.web.servlet.error.BasicErrorController.error(javax.servlet.http.HttpServletRequest)
2019-01-12 16:21:55.664  INFO 13256 --- [restartedMain] s.w.s.m.m.a.RequestMappingHandlerMapping : Mapped "{[/error],produces=[text/html]}" onto public org.springframework.web.servlet.ModelAndView org.springframework.boot.autoconfigure.web.servlet.error.BasicErrorController.errorHtml(javax.servlet.http.HttpServletRequest,javax.servlet.http.HttpServletResponse)
2019-01-12 16:21:55.790  INFO 13256 --- [restartedMain] pertySourcedRequestMappingHandlerMapping : Mapped URL path [/v2/api-docs] onto method [public org.springframework.http.ResponseEntity<springfox.documentation.spring.web.json.Json> springfox.documentation.swagger2.web.Swagger2Controller.getDocumentation(java.lang.String,javax.servlet.http.HttpServletRequest)]
2019-01-12 16:21:55.881  INFO 13256 --- [restartedMain] o.s.w.s.handler.SimpleUrlHandlerMapping  : Mapped URL path [/**/favicon.ico] onto handler of type [class org.springframework.web.servlet.resource.ResourceHttpRequestHandler]
2019-01-12 16:21:56.046  INFO 13256 --- [restartedMain] s.w.s.m.m.a.RequestMappingHandlerAdapter : Looking for @ControllerAdvice: org.springframework.boot.web.servlet.context.AnnotationConfigServletWebServerApplicationContext@a0cddcc: startup date [Sat Jan 12 16:21:50 CST 2019]; root of context hierarchy
2019-01-12 16:21:56.090  INFO 13256 --- [restartedMain] o.s.w.s.handler.SimpleUrlHandlerMapping  : Mapped URL path [/swagger-ui.html] onto handler of type [class org.springframework.web.servlet.resource.ResourceHttpRequestHandler]
2019-01-12 16:21:56.090  INFO 13256 --- [restartedMain] o.s.w.s.handler.SimpleUrlHandlerMapping  : Mapped URL path [/webjars/**] onto handler of type [class org.springframework.web.servlet.resource.ResourceHttpRequestHandler]
2019-01-12 16:21:56.090  INFO 13256 --- [restartedMain] o.s.w.s.handler.SimpleUrlHandlerMapping  : Mapped URL path [/swagger/**] onto handler of type [class org.springframework.web.servlet.resource.ResourceHttpRequestHandler]
2019-01-12 16:21:56.107  INFO 13256 --- [restartedMain] .m.m.a.ExceptionHandlerExceptionResolver : Detected @ExceptionHandler methods in RRExceptionHandler
2019-01-12 16:21:56.609  WARN 13256 --- [restartedMain] o.s.b.d.a.OptionalLiveReloadServer       : Unable to start LiveReload server
2019-01-12 16:21:56.650  INFO 13256 --- [restartedMain] o.s.j.e.a.AnnotationMBeanExporter        : Registering beans for JMX exposure on startup
2019-01-12 16:21:56.652  INFO 13256 --- [restartedMain] o.s.j.e.a.AnnotationMBeanExporter        : Bean with name 'firstDataSource' has been autodetected for JMX exposure
2019-01-12 16:21:56.652  INFO 13256 --- [restartedMain] o.s.j.e.a.AnnotationMBeanExporter        : Bean with name 'secondDataSource' has been autodetected for JMX exposure
2019-01-12 16:21:56.652  INFO 13256 --- [restartedMain] o.s.j.e.a.AnnotationMBeanExporter        : Bean with name 'statFilter' has been autodetected for JMX exposure
2019-01-12 16:21:56.656  INFO 13256 --- [restartedMain] o.s.j.e.a.AnnotationMBeanExporter        : Located MBean 'firstDataSource': registering with JMX server as MBean [com.alibaba.druid.spring.boot.autoconfigure:name=firstDataSource,type=DruidDataSourceWrapper]
2019-01-12 16:21:56.657  INFO 13256 --- [restartedMain] o.s.j.e.a.AnnotationMBeanExporter        : Located MBean 'secondDataSource': registering with JMX server as MBean [com.alibaba.druid.spring.boot.autoconfigure:name=secondDataSource,type=DruidDataSourceWrapper]
2019-01-12 16:21:56.658  INFO 13256 --- [restartedMain] o.s.j.e.a.AnnotationMBeanExporter        : Located MBean 'statFilter': registering with JMX server as MBean [com.alibaba.druid.filter.stat:name=statFilter,type=StatFilter]
2019-01-12 16:21:56.661  INFO 13256 --- [restartedMain] o.s.c.support.DefaultLifecycleProcessor  : Starting beans in phase 2147483647
2019-01-12 16:21:56.661  INFO 13256 --- [restartedMain] d.s.w.p.DocumentationPluginsBootstrapper : Context refreshed
2019-01-12 16:21:56.670  INFO 13256 --- [restartedMain] d.s.w.p.DocumentationPluginsBootstrapper : Found 1 custom documentation plugin(s)
2019-01-12 16:21:56.692  INFO 13256 --- [restartedMain] s.d.s.w.s.ApiListingReferenceScanner     : Scanning for api listing references
2019-01-12 16:21:56.784  INFO 13256 --- [restartedMain] .d.s.w.r.o.CachingOperationNameGenerator : Generating unique operation named: deleteUsingPOST_1
2019-01-12 16:21:56.786  INFO 13256 --- [restartedMain] .d.s.w.r.o.CachingOperationNameGenerator : Generating unique operation named: infoUsingPOST_1
2019-01-12 16:21:56.788  INFO 13256 --- [restartedMain] .d.s.w.r.o.CachingOperationNameGenerator : Generating unique operation named: listUsingPOST_1
2019-01-12 16:21:56.791  INFO 13256 --- [restartedMain] .d.s.w.r.o.CachingOperationNameGenerator : Generating unique operation named: saveUsingPOST_1
2019-01-12 16:21:56.793  INFO 13256 --- [restartedMain] .d.s.w.r.o.CachingOperationNameGenerator : Generating unique operation named: updateUsingPOST_1
2019-01-12 16:21:56.796  INFO 13256 --- [restartedMain] .d.s.w.r.o.CachingOperationNameGenerator : Generating unique operation named: deleteUsingPOST_2
2019-01-12 16:21:56.798  INFO 13256 --- [restartedMain] .d.s.w.r.o.CachingOperationNameGenerator : Generating unique operation named: infoUsingPOST_2
2019-01-12 16:21:56.801  INFO 13256 --- [restartedMain] .d.s.w.r.o.CachingOperationNameGenerator : Generating unique operation named: listUsingPOST_2
2019-01-12 16:21:56.804  INFO 13256 --- [restartedMain] .d.s.w.r.o.CachingOperationNameGenerator : Generating unique operation named: saveUsingPOST_2
2019-01-12 16:21:56.806  INFO 13256 --- [restartedMain] .d.s.w.r.o.CachingOperationNameGenerator : Generating unique operation named: updateUsingPOST_2
2019-01-12 16:21:56.808  INFO 13256 --- [restartedMain] .d.s.w.r.o.CachingOperationNameGenerator : Generating unique operation named: deleteUsingPOST_3
2019-01-12 16:21:56.810  INFO 13256 --- [restartedMain] .d.s.w.r.o.CachingOperationNameGenerator : Generating unique operation named: infoUsingPOST_3
2019-01-12 16:21:56.812  INFO 13256 --- [restartedMain] .d.s.w.r.o.CachingOperationNameGenerator : Generating unique operation named: listUsingPOST_3
2019-01-12 16:21:56.816  INFO 13256 --- [restartedMain] .d.s.w.r.o.CachingOperationNameGenerator : Generating unique operation named: saveUsingPOST_3
2019-01-12 16:21:56.818  INFO 13256 --- [restartedMain] .d.s.w.r.o.CachingOperationNameGenerator : Generating unique operation named: updateUsingPOST_3
2019-01-12 16:21:56.826  INFO 13256 --- [restartedMain] o.s.s.quartz.SchedulerFactoryBean        : Will start Quartz Scheduler [RenrenScheduler] in 30 seconds
2019-01-12 16:21:56.853  INFO 13256 --- [restartedMain] o.s.b.w.embedded.tomcat.TomcatWebServer  : Tomcat started on port(s): 10031 (http) with context path '/stornetcloudadmin'
2019-01-12 16:21:56.856  INFO 13256 --- [restartedMain] c.c.s.StorNetCloudAdminApplication       : Started StorNetCloudAdminApplication in 7.261 seconds (JVM running for 7.976)
